0 info it worked if it ends with ok
1 verbose cli [ 'node', '/usr/local/bin/npm', 'install', '-g', 'git-extra' ]
2 info using npm@1.1.65
3 info using node@v0.8.14
4 verbose read json /usr/local/lib/package.json
5 verbose read json /usr/local/lib/package.json
6 verbose cache add [ 'git-extra', null ]
7 silly cache add name=undefined spec="git-extra" args=["git-extra",null]
8 verbose parsed url { pathname: 'git-extra', path: 'git-extra', href: 'git-extra' }
9 silly lockFile 85a97335-git-extra git-extra
10 verbose lock git-extra /Users/adrianlee/.npm/85a97335-git-extra.lock
11 silly lockFile 85a97335-git-extra git-extra
12 verbose addNamed [ 'git-extra', '' ]
13 verbose addNamed [ null, '' ]
14 silly lockFile 6b06d51a-git-extra git-extra@
15 verbose lock git-extra@ /Users/adrianlee/.npm/6b06d51a-git-extra.lock
16 silly addNameRange { name: 'git-extra', range: '', hasData: false }
17 verbose url raw git-extra
18 verbose url resolving [ 'https://registry.npmjs.org/', './git-extra' ]
19 verbose url resolved https://registry.npmjs.org/git-extra
20 info trying registry request attempt 1 at 14:25:52
21 http GET https://registry.npmjs.org/git-extra
22 http 404 https://registry.npmjs.org/git-extra
23 silly registry.get cb [ 404,
23 silly registry.get   { server: 'CouchDB/1.2.0 (Erlang OTP/R15B)',
23 silly registry.get     date: 'Fri, 23 Nov 2012 19:25:18 GMT',
23 silly registry.get     'content-type': 'application/json',
23 silly registry.get     'content-length': '52',
23 silly registry.get     'cache-control': 'must-revalidate' } ]
24 silly lockFile 6b06d51a-git-extra git-extra@
25 error 404 'git-extra' is not in the npm registry.
25 error 404 You should bug the author to publish it
25 error 404
25 error 404 Note that you can also install from a
25 error 404 tarball, folder, or http url, or git url.
26 error System Darwin 12.2.0
27 error command "node" "/usr/local/bin/npm" "install" "-g" "git-extra"
28 error cwd /Users/adrianlee/Git/web-crawler-parallelization
29 error node -v v0.8.14
30 error npm -v 1.1.65
31 error code E404
32 verbose exit [ 1, true ]
